d:\github\mmt-remote-contro\project\x64\debug\vc143.pdb
d:\github\mmt-remote-contro\project\x64\debug\vc143.idb
d:\github\mmt-remote-contro\project\x64\debug\utils.obj
d:\github\mmt-remote-contro\project\x64\debug\stdafx.obj
d:\github\mmt-remote-contro\project\x64\debug\serverbackend.obj
d:\github\mmt-remote-contro\project\x64\debug\server.obj
d:\github\mmt-remote-contro\project\x64\debug\mainserver.obj
d:\github\mmt-remote-contro\project\x64\debug\rpc_func.obj
d:\github\mmt-remote-contro\project\x64\debug\trung.obj
d:\github\mmt-remote-contro\project\x64\debug\klg_func.obj
d:\github\mmt-remote-contro\project\x64\debug\iap_func.obj
d:\github\mmt-remote-contro\project\x64\debug\dir_func.obj
d:\github\mmt-remote-contro\project\x64\debug\dataobj.obj
d:\github\mmt-remote-contro\project\x64\debug\mmt-rc.pdb
d:\github\mmt-remote-contro\project\x64\debug\mmt-rc.tlog\cl.command.1.tlog
d:\github\mmt-remote-contro\project\x64\debug\mmt-rc.tlog\cl.read.1.tlog
d:\github\mmt-remote-contro\project\x64\debug\mmt-rc.tlog\cl.write.1.tlog
d:\github\mmt-remote-contro\project\x64\debug\mmt-rc.tlog\link-cvtres.read.1.tlog
d:\github\mmt-remote-contro\project\x64\debug\mmt-rc.tlog\link-cvtres.write.1.tlog
d:\github\mmt-remote-contro\project\x64\debug\mmt-rc.tlog\link-rc.read.1.tlog
d:\github\mmt-remote-contro\project\x64\debug\mmt-rc.tlog\link-rc.write.1.tlog
d:\github\mmt-remote-contro\project\x64\debug\mmt-rc.tlog\link.command.1.tlog
d:\github\mmt-remote-contro\project\x64\debug\mmt-rc.tlog\link.read.1.tlog
d:\github\mmt-remote-contro\project\x64\debug\mmt-rc.tlog\link.read.2.tlog
d:\github\mmt-remote-contro\project\x64\debug\mmt-rc.tlog\link.write.1.tlog
