  DataObj.cpp
  IAP_Obj.cpp
D:\GitHub\MMT-remote-contro\source\dataobj\IAP_Obj.h(16,88): error C2665: 'DataObj::DataObj': no overloaded function could convert all the argument types
D:\GitHub\MMT-remote-contro\source\dataobj\DataObj.h(69,2): message : could be 'DataObj::DataObj(std::string,DataType,FuncType,CmdType,std::vector<char,std::allocator<char>>)'
D:\GitHub\MMT-remote-contro\source\dataobj\IAP_Obj.h(16,88): message : 'DataObj::DataObj(std::string,DataType,FuncType,CmdType,std::vector<char,std::allocator<char>>)': cannot convert argument 5 from 'std::string' to 'std::vector<char,std::allocator<char>>'
D:\GitHub\MMT-remote-contro\source\dataobj\IAP_Obj.h(16,123): message : No user-defined-conversion operator available that can perform this conversion, or the operator cannot be called
D:\GitHub\MMT-remote-contro\source\dataobj\IAP_Obj.h(16,88): message : while trying to match the argument list '(std::string, DataType, FuncType, CmdType, std::string)'
  KLG_Obj.cpp
  RPC_Obj.cpp
D:\GitHub\MMT-remote-contro\source\dataobj\RPC_Obj.cpp(1,10): fatal  error C1083: Cannot open include file: 'RPC_TransferObj.h': No such file or directory
  IAP_Func.cpp
D:\GitHub\MMT-remote-contro\source\DataObj\IAP_Obj.h(16,88): error C2665: 'DataObj::DataObj': no overloaded function could convert all the argument types
D:\GitHub\MMT-remote-contro\source\DataObj\DataObj.h(69,2): message : could be 'DataObj::DataObj(std::string,DataType,FuncType,CmdType,std::vector<char,std::allocator<char>>)'
D:\GitHub\MMT-remote-contro\source\DataObj\IAP_Obj.h(16,88): message : 'DataObj::DataObj(std::string,DataType,FuncType,CmdType,std::vector<char,std::allocator<char>>)': cannot convert argument 5 from 'std::string' to 'std::vector<char,std::allocator<char>>'
D:\GitHub\MMT-remote-contro\source\DataObj\IAP_Obj.h(16,123): message : No user-defined-conversion operator available that can perform this conversion, or the operator cannot be called
D:\GitHub\MMT-remote-contro\source\DataObj\IAP_Obj.h(16,88): message : while trying to match the argument list '(std::string, DataType, FuncType, CmdType, std::string)'
D:\GitHub\MMT-remote-contro\source\IAP_Func.cpp(44,9): error C2664: 'LSTATUS RegOpenKeyExA(HKEY,LPCSTR,DWORD,REGSAM,PHKEY)': cannot convert argument 2 from 'const WCHAR *' to 'LPCSTR'
D:\GitHub\MMT-remote-contro\source\IAP_Func.cpp(44,42): message : Types pointed to are unrelated; conversion requires reinterpret_cast, C-style cast or parenthesized function-style cast
C:\Program Files (x86)\Windows Kits\10\Include\10.0.22000.0\um\winreg.h(769,1): message : see declaration of 'RegOpenKeyExA'
D:\GitHub\MMT-remote-contro\source\IAP_Func.cpp(44,9): message : while trying to match the argument list '(HKEY, const WCHAR *, int, long, HKEY *)'
D:\GitHub\MMT-remote-contro\source\IAP_Func.cpp(51,24): error C2664: 'LSTATUS RegEnumKeyExA(HKEY,DWORD,LPSTR,LPDWORD,LPDWORD,LPSTR,LPDWORD,PFILETIME)': cannot convert argument 3 from 'WCHAR [1024]' to 'LPSTR'
D:\GitHub\MMT-remote-contro\source\IAP_Func.cpp(51,58): message : Types pointed to are unrelated; conversion requires reinterpret_cast, C-style cast or parenthesized function-style cast
C:\Program Files (x86)\Windows Kits\10\Include\10.0.22000.0\um\winreg.h(618,1): message : see declaration of 'RegEnumKeyExA'
D:\GitHub\MMT-remote-contro\source\IAP_Func.cpp(51,24): message : while trying to match the argument list '(HKEY, DWORD, WCHAR [1024], DWORD *, int, int, int, int)'
D:\GitHub\MMT-remote-contro\source\IAP_Func.cpp(53,13): error C2664: 'int wsprintfA(LPSTR,LPCSTR,...)': cannot convert argument 1 from 'WCHAR [1024]' to 'LPSTR'
D:\GitHub\MMT-remote-contro\source\IAP_Func.cpp(53,22): message : Types pointed to are unrelated; conversion requires reinterpret_cast, C-style cast or parenthesized function-style cast
C:\Program Files (x86)\Windows Kits\10\Include\10.0.22000.0\um\winuser.h(326,1): message : see declaration of 'wsprintfA'
D:\GitHub\MMT-remote-contro\source\IAP_Func.cpp(53,13): message : while trying to match the argument list '(WCHAR [1024], const wchar_t [6], const WCHAR *, WCHAR [1024])'
D:\GitHub\MMT-remote-contro\source\IAP_Func.cpp(54,17): error C2664: 'LSTATUS RegOpenKeyExA(HKEY,LPCSTR,DWORD,REGSAM,PHKEY)': cannot convert argument 2 from 'WCHAR [1024]' to 'LPCSTR'
D:\GitHub\MMT-remote-contro\source\IAP_Func.cpp(54,50): message : Types pointed to are unrelated; conversion requires reinterpret_cast, C-style cast or parenthesized function-style cast
C:\Program Files (x86)\Windows Kits\10\Include\10.0.22000.0\um\winreg.h(769,1): message : see declaration of 'RegOpenKeyExA'
D:\GitHub\MMT-remote-contro\source\IAP_Func.cpp(54,17): message : while trying to match the argument list '(HKEY, WCHAR [1024], int, long, HKEY *)'
D:\GitHub\MMT-remote-contro\source\IAP_Func.cpp(61,17): error C2664: 'LSTATUS RegQueryValueExA(HKEY,LPCSTR,LPDWORD,LPDWORD,LPBYTE,LPDWORD)': cannot convert argument 2 from 'const wchar_t [12]' to 'LPCSTR'
D:\GitHub\MMT-remote-contro\source\IAP_Func.cpp(61,42): message : Types pointed to are unrelated; conversion requires reinterpret_cast, C-style cast or parenthesized function-style cast
C:\Program Files (x86)\Windows Kits\10\Include\10.0.22000.0\um\winreg.h(946,1): message : see declaration of 'RegQueryValueExA'
D:\GitHub\MMT-remote-contro\source\IAP_Func.cpp(61,17): message : while trying to match the argument list '(HKEY, const wchar_t [12], int, DWORD *, unsigned char *, DWORD *)'
D:\GitHub\MMT-remote-contro\source\IAP_Func.cpp(84,22): error C2664: 'HRESULT AssocQueryStringA(ASSOCF,ASSOCSTR,LPCSTR,LPCSTR,LPSTR,DWORD *)': cannot convert argument 3 from 'const _Elem *' to 'LPCSTR'
          with
          [
              _Elem=wchar_t
          ]
D:\GitHub\MMT-remote-contro\source\IAP_Func.cpp(84,100): message : Types pointed to are unrelated; conversion requires reinterpret_cast, C-style cast or parenthesized function-style cast
C:\Program Files (x86)\Windows Kits\10\Include\10.0.22000.0\um\Shlwapi.h(1808,10): message : see declaration of 'AssocQueryStringA'
D:\GitHub\MMT-remote-contro\source\IAP_Func.cpp(84,22): message : while trying to match the argument list '(<unnamed-enum-ASSOCF_NONE>, ASSOCSTR, const _Elem *, int, WCHAR [260], DWORD *)'
          with
          [
              _Elem=wchar_t
          ]
D:\GitHub\MMT-remote-contro\source\IAP_Func.cpp(87,9): error C2664: 'HINSTANCE ShellExecuteA(HWND,LPCSTR,LPCSTR,LPCSTR,LPCSTR,INT)': cannot convert argument 2 from 'const wchar_t [5]' to 'LPCSTR'
D:\GitHub\MMT-remote-contro\source\IAP_Func.cpp(87,28): message : Types pointed to are unrelated; conversion requires reinterpret_cast, C-style cast or parenthesized function-style cast
C:\Program Files (x86)\Windows Kits\10\Include\10.0.22000.0\um\shellapi.h(94,22): message : see declaration of 'ShellExecuteA'
D:\GitHub\MMT-remote-contro\source\IAP_Func.cpp(87,9): message : while trying to match the argument list '(int, const wchar_t [5], WCHAR [260], int, int, int)'
D:\GitHub\MMT-remote-contro\source\IAP_Func.cpp(96,31): error C2665: 'IAP_Obj::IAP_Obj': no overloaded function could convert all the argument types
D:\GitHub\MMT-remote-contro\source\DataObj\IAP_Obj.h(18,5): message : could be 'IAP_Obj::IAP_Obj(DataType,CmdType,std::string)'
D:\GitHub\MMT-remote-contro\source\IAP_Func.cpp(96,31): message : 'IAP_Obj::IAP_Obj(DataType,CmdType,std::string)': cannot convert argument 3 from 'HRESULT' to 'std::string'
D:\GitHub\MMT-remote-contro\source\IAP_Func.cpp(96,68): message : No constructor could take the source type, or constructor overload resolution was ambiguous
D:\GitHub\MMT-remote-contro\source\IAP_Func.cpp(96,31): message : while trying to match the argument list '(DataType, CmdType, HRESULT)'
D:\GitHub\MMT-remote-contro\source\IAP_Func.cpp(138,17): error C2664: 'int strcmp(const char *,const char *)': cannot convert argument 2 from 'const _Elem *' to 'const char *'
          with
          [
              _Elem=wchar_t
          ]
D:\GitHub\MMT-remote-contro\source\IAP_Func.cpp(138,53): message : Types pointed to are unrelated; conversion requires reinterpret_cast, C-style cast or parenthesized function-style cast
C:\Program Files (x86)\Windows Kits\10\Include\10.0.22000.0\ucrt\string.h(100,13): message : see declaration of 'strcmp'
D:\GitHub\MMT-remote-contro\source\IAP_Func.cpp(138,17): message : while trying to match the argument list '(TCHAR [260], const _Elem *)'
          with
          [
              _Elem=wchar_t
          ]
  KLG_Func.cpp
  Trung.cpp
  RPC_Func.cpp
D:\GitHub\MMT-remote-contro\source\DataObj\RPC_Obj.h(3,10): fatal  error C1083: Cannot open include file: 'DataTransferObj.h': No such file or directory
  Generating Code...
D:\GitHub\MMT-remote-contro\source\KLG_Func.cpp(78): warning C4700: uninitialized local variable 'stopSignal' used
