c:\users\nghia\source\repos\quoc-trung-nguyen-hcmus\mmt-remote-control\projectclient\x64\debug\vc143.pdb
c:\users\nghia\source\repos\quoc-trung-nguyen-hcmus\mmt-remote-control\projectclient\x64\debug\vc143.idb
c:\users\nghia\source\repos\quoc-trung-nguyen-hcmus\mmt-remote-control\projectclient\x64\debug\utils.obj
c:\users\nghia\source\repos\quoc-trung-nguyen-hcmus\mmt-remote-control\projectclient\x64\debug\stdafx.obj
c:\users\nghia\source\repos\quoc-trung-nguyen-hcmus\mmt-remote-control\projectclient\x64\debug\serverbackend.obj
c:\users\nghia\source\repos\quoc-trung-nguyen-hcmus\mmt-remote-control\projectclient\x64\debug\rpc_func.obj
c:\users\nghia\source\repos\quoc-trung-nguyen-hcmus\mmt-remote-control\projectclient\x64\debug\trung.obj
c:\users\nghia\source\repos\quoc-trung-nguyen-hcmus\mmt-remote-control\projectclient\x64\debug\klg_func.obj
c:\users\nghia\source\repos\quoc-trung-nguyen-hcmus\mmt-remote-control\projectclient\x64\debug\iap_func.obj
c:\users\nghia\source\repos\quoc-trung-nguyen-hcmus\mmt-remote-control\projectclient\x64\debug\dir_func.obj
c:\users\nghia\source\repos\quoc-trung-nguyen-hcmus\mmt-remote-control\projectclient\x64\debug\dataobj.obj
c:\users\nghia\source\repos\quoc-trung-nguyen-hcmus\mmt-remote-control\projectclient\x64\debug\mainclient.obj
c:\users\nghia\source\repos\quoc-trung-nguyen-hcmus\mmt-remote-control\projectclient\x64\debug\client.obj
c:\users\nghia\source\repos\quoc-trung-nguyen-hcmus\mmt-remote-control\projectclient\x64\debug\server.obj
c:\users\nghia\source\repos\quoc-trung-nguyen-hcmus\mmt-remote-control\projectclient\x64\debug\scr_func.obj
c:\users\nghia\source\repos\quoc-trung-nguyen-hcmus\mmt-remote-control\projectclient\x64\debug\mmt-rc.exe
c:\users\nghia\source\repos\quoc-trung-nguyen-hcmus\mmt-remote-control\projectclient\x64\debug\mmt-rc.ilk
c:\users\nghia\source\repos\quoc-trung-nguyen-hcmus\mmt-remote-control\projectclient\x64\debug\mmt-rc.pdb
c:\users\nghia\source\repos\quoc-trung-nguyen-hcmus\mmt-remote-control\projectclient\x64\debug\mainserver.obj
c:\users\nghia\source\repos\quoc-trung-nguyen-hcmus\mmt-remote-control\projectclient\x64\debug\mmt-rc.tlog\cl.command.1.tlog
c:\users\nghia\source\repos\quoc-trung-nguyen-hcmus\mmt-remote-control\projectclient\x64\debug\mmt-rc.tlog\cl.items.tlog
c:\users\nghia\source\repos\quoc-trung-nguyen-hcmus\mmt-remote-control\projectclient\x64\debug\mmt-rc.tlog\cl.read.1.tlog
c:\users\nghia\source\repos\quoc-trung-nguyen-hcmus\mmt-remote-control\projectclient\x64\debug\mmt-rc.tlog\cl.write.1.tlog
c:\users\nghia\source\repos\quoc-trung-nguyen-hcmus\mmt-remote-control\projectclient\x64\debug\mmt-rc.tlog\link.command.1.tlog
c:\users\nghia\source\repos\quoc-trung-nguyen-hcmus\mmt-remote-control\projectclient\x64\debug\mmt-rc.tlog\link.read.1.tlog
c:\users\nghia\source\repos\quoc-trung-nguyen-hcmus\mmt-remote-control\projectclient\x64\debug\mmt-rc.tlog\link.write.1.tlog
